  Content.cpp
C:\myProjects\shmedit\shmedit\Content.cpp(103,79): warning C4805: '==': unsafe mix of type 'bool' and type 'int' in operation
C:\myProjects\shmedit\shmedit\Content.cpp(167,40): warning C4267: '=': conversion from 'size_t' to 'int', possible loss of data
C:\myProjects\shmedit\shmedit\Content.cpp(182,104): warning C4805: '==': unsafe mix of type 'bool' and type 'int' in operation
C:\myProjects\shmedit\shmedit\Content.cpp(211,36): warning C4267: '=': conversion from 'size_t' to 'int', possible loss of data
C:\myProjects\shmedit\shmedit\Content.cpp(233,37): warning C4267: '=': conversion from 'size_t' to 'int', possible loss of data
C:\myProjects\shmedit\shmedit\Content.cpp(247,37): warning C4267: '=': conversion from 'size_t' to 'int', possible loss of data
C:\myProjects\shmedit\shmedit\Content.cpp(251,36): warning C4267: '=': conversion from 'size_t' to 'int', possible loss of data
C:\myProjects\shmedit\shmedit\Content.cpp(264,72): warning C4805: '==': unsafe mix of type 'bool' and type 'int' in operation
C:\myProjects\shmedit\shmedit\Content.cpp(290,37): warning C4267: '=': conversion from 'size_t' to 'int', possible loss of data
C:\myProjects\shmedit\shmedit\Content.cpp(297,90): warning C4805: '==': unsafe mix of type 'bool' and type 'int' in operation
  Display.cpp
C:\myProjects\shmedit\shmedit\Display.cpp(78,62): warning C4838: conversion from 'int' to 'size_t' requires a narrowing conversion
  Helper.cpp
C:\myProjects\shmedit\shmedit\Helper.cpp(71,33): warning C4267: 'initializing': conversion from 'size_t' to 'int', possible loss of data
  main.cpp
  Generating Code...
C:\myProjects\shmedit\shmedit\Helper.cpp(62): warning C4715: 'Helper::colorize': not all control paths return a value
C:\myProjects\shmedit\shmedit\Content.cpp(132): warning C4715: 'Content::actionMoveLineDown': not all control paths return a value
C:\myProjects\shmedit\shmedit\Content.cpp(173): warning C4715: 'Content::actionRemove': not all control paths return a value
  shmedit.vcxproj -> C:\myProjects\shmedit\x64\Debug\shmedit.exe
